{"C:\\Users\\rodne\\OneDrive - Ontario Tech University\\Desktop\\Lab Files Folder 1\\getting started files\\getting-started-with-jest\\src\\filterByTerm.js": {"path":"C:\\Users\\rodne\\OneDrive - Ontario Tech University\\Desktop\\Lab Files Folder 1\\getting started files\\getting-started-with-jest\\src\\filterByTerm.js","statementMap":{"0":{"start":{"line":2,"column":1},"end":{"line":2,"column":60}},"1":{"start":{"line":2,"column":18},"end":{"line":2,"column":60}},"2":{"start":{"line":3,"column":1},"end":{"line":3,"column":63}},"3":{"start":{"line":3,"column":23},"end":{"line":3,"column":63}},"4":{"start":{"line":4,"column":15},"end":{"line":4,"column":42}},"5":{"start":{"line":5,"column":1},"end":{"line":7,"column":4}},"6":{"start":{"line":6,"column":2},"end":{"line":6,"column":39}},"7":{"start":{"line":9,"column":0},"end":{"line":9,"column":30}}},"fnMap":{"0":{"name":"filterByTerm","decl":{"start":{"line":1,"column":9},"end":{"line":1,"column":21}},"loc":{"start":{"line":1,"column":44},"end":{"line":8,"column":1}},"line":1},"1":{"name":"(anonymous_1)","decl":{"start":{"line":5,"column":24},"end":{"line":5,"column":25}},"loc":{"start":{"line":5,"column":47},"end":{"line":7,"column":2}},"line":5}},"branchMap":{"0":{"loc":{"start":{"line":2,"column":1},"end":{"line":2,"column":60}},"type":"if","locations":[{"start":{"line":2,"column":1},"end":{"line":2,"column":60}},{"start":{},"end":{}}],"line":2},"1":{"loc":{"start":{"line":3,"column":1},"end":{"line":3,"column":63}},"type":"if","locations":[{"start":{"line":3,"column":1},"end":{"line":3,"column":63}},{"start":{},"end":{}}],"line":3}},"s":{"0":4,"1":1,"2":3,"3":0,"4":3,"5":3,"6":9,"7":1},"f":{"0":4,"1":9},"b":{"0":[1,3],"1":[0,3]},"_coverageSchema":"1a1c01bbd47fc00a2c39e90264f33305004495a9","hash":"c67623e5e590c6d77784c4e58a97972c9a471b73"}
}
